# JRE version: Java(TM) SE Runtime Environment (8.0_201-b09) (build 1.8.0_201-b09)
# Java VM: Java HotSpot(TM) 64-Bit Server VM (25.201-b09 mixed mode windows-amd64 compressed oops)
Heap:
 garbage-first heap   total 529408K, used 459873K [0x00000000c0000000, 0x00000000c0101028, 0x0000000100000000)
  region size 1024K, 216 young (221184K), 9 survivors (9216K)
 Metaspace       used 85054K, capacity 89266K, committed 90060K, reserved 1130496K
  class space    used 8439K, capacity 9753K, committed 9932K, reserved 1048576K
GC Heap History (10 events):
Event: 177759.655 GC heap after
Heap after GC invocations=508 (full 0):
 garbage-first heap   total 529408K, used 218398K [0x00000000c0000000, 0x00000000c0101028, 0x0000000100000000)
  region size 1024K, 3 young (3072K), 3 survivors (3072K)
 Metaspace       used 85045K, capacity 89202K, committed 90060K, reserved 1130496K
  class space    used 8439K, capacity 9753K, committed 9932K, reserved 1048576K
}
Event: 177764.401 GC heap before
{Heap before GC invocations=508 (full 0):
 garbage-first heap   total 529408K, used 470302K [0x00000000c0000000, 0x00000000c0101028, 0x0000000100000000)
  region size 1024K, 249 young (254976K), 3 survivors (3072K)
 Metaspace       used 85045K, capacity 89202K, committed 90060K, reserved 1130496K
  class space    used 8439K, capacity 9753K, committed 9932K, reserved 1048576K
Event: 177764.416 GC heap after
Heap after GC invocations=509 (full 0):
 garbage-first heap   total 529408K, used 224573K [0x00000000c0000000, 0x00000000c0101028, 0x0000000100000000)
  region size 1024K, 9 young (9216K), 9 survivors (9216K)
 Metaspace       used 85045K, capacity 89202K, committed 90060K, reserved 1130496K
  class space    used 8439K, capacity 9753K, committed 9932K, reserved 1048576K
}
Event: 177769.555 GC heap before
{Heap before GC invocations=509 (full 0):
 garbage-first heap   total 529408K, used 465213K [0x00000000c0000000, 0x00000000c0101028, 0x0000000100000000)
  region size 1024K, 244 young (249856K), 9 survivors (9216K)
 Metaspace       used 85049K, capacity 89202K, committed 90060K, reserved 1130496K
  class space    used 8439K, capacity 9753K, committed 9932K, reserved 1048576K
Event: 177769.565 GC heap after
Heap after GC invocations=510 (full 0):
 garbage-first heap   total 529408K, used 222960K [0x00000000c0000000, 0x00000000c0101028, 0x0000000100000000)
  region size 1024K, 7 young (7168K), 7 survivors (7168K)
 Metaspace       used 85049K, capacity 89202K, committed 90060K, reserved 1130496K
  class space    used 8439K, capacity 9753K, committed 9932K, reserved 1048576K
}
Event: 177874.804 GC heap before
{Heap before GC invocations=510 (full 0):
 garbage-first heap   total 529408K, used 467696K [0x00000000c0000000, 0x00000000c0101028, 0x0000000100000000)
  region size 1024K, 246 young (251904K), 7 survivors (7168K)
 Metaspace       used 85050K, capacity 89266K, committed 90060K, reserved 1130496K
  class space    used 8439K, capacity 9753K, committed 9932K, reserved 1048576K
Event: 177874.833 GC heap after
Heap after GC invocations=511 (full 0):
 garbage-first heap   total 529408K, used 249571K [0x00000000c0000000, 0x00000000c0101028, 0x0000000100000000)
  region size 1024K, 31 young (31744K), 31 survivors (31744K)
 Metaspace       used 85050K, capacity 89266K, committed 90060K, reserved 1130496K
  class space    used 8439K, capacity 9753K, committed 9932K, reserved 1048576K
}
Event: 177901.118 GC heap before
{Heap before GC invocations=511 (full 0):
 garbage-first heap   total 529408K, used 443107K [0x00000000c0000000, 0x00000000c0101028, 0x0000000100000000)
  region size 1024K, 220 young (225280K), 31 survivors (31744K)
 Metaspace       used 85053K, capacity 89266K, committed 90060K, reserved 1130496K
  class space    used 8439K, capacity 9753K, committed 9932K, reserved 1048576K
Event: 177901.141 GC heap after
Heap after GC invocations=512 (full 0):
 garbage-first heap   total 529408K, used 247905K [0x00000000c0000000, 0x00000000c0101028, 0x0000000100000000)
  region size 1024K, 9 young (9216K), 9 survivors (9216K)
 Metaspace       used 85053K, capacity 89266K, committed 90060K, reserved 1130496K
  class space    used 8439K, capacity 9753K, committed 9932K, reserved 1048576K
}
Event: 177904.717 GC heap before
{Heap before GC invocations=512 (full 0):
 garbage-first heap   total 529408K, used 459873K [0x00000000c0000000, 0x00000000c0101028, 0x0000000100000000)
  region size 1024K, 216 young (221184K), 9 survivors (9216K)
 Metaspace       used 85054K, capacity 89266K, committed 90060K, reserved 1130496K
  class space    used 8439K, capacity 9753K, committed 9932K, reserved 1048576K

